C51 COMPILER V9.60.0.0   MAIN                                                              08/21/2020 23:26:35 PAGE 1   


C51 COMPILER V9.60.0.0, COMPILATION OF MODULE MAIN
OBJECT MODULE PLACED IN main.OBJ
COMPILER INVOKED BY: C:\Keil_v5\C51\BIN\C51.EXE main.c LARGE OPTIMIZE(8,SPEED) BROWSE DEBUG OBJECTEXTEND TABS(2)

line level    source

   1          /***********************************************
   2          基于STC15F2K60S2系列单片机C语言编程实现
   3          使用如下头文件，不用另外再包含"REG51.H"
   4          #include <STC15F2K60S2.h>
   5          ***********************************************/
   6          #include "sys_fun.h"
   7          #include "songs.h"
   8          #include "display.h"
   9          #include "sing.h"
  10          #include "string.h"
  11          #include <stdlib.h>
  12          
  13          uchar port_status;
  14          uchar key;
  15          unsigned char Count;
  16          double pitch = 7;
  17          char pitchFlag = 1;
  18          char currentPage = 1;
  19          unsigned char RECORDED[250];
  20          unsigned char SheetMid[250];
  21          unsigned char SheetUp[250];
  22          unsigned char SheetDown[250];
  23          unsigned int Sheet2Note[250];
  24          
  25          
  26          
  27          int lastStartCount = -1;
  28          int lastEndCount = 0;
  29          uchar lastNote = 0x00;
  30          
  31          char *itoa(int val, char *buf, unsigned radix)
  32          {
  33   1          char *p;             
  34   1          char *firstdig;      
  35   1          char temp;           
  36   1          unsigned digval;     
  37   1          p = buf;
  38   1          if(val <0)
  39   1          {
  40   2              *p++ = '-';
  41   2              val = (unsigned long)(-(long)val);
  42   2          }
  43   1          firstdig = p; 
  44   1          do{
  45   2              digval = (unsigned)(val % radix);
  46   2              val /= radix;
  47   2             
  48   2              if  (digval > 9)
  49   2                  *p++ = (char)(digval - 10 + 'a'); 
  50   2              else
  51   2                  *p++ = (char)(digval + '0');      
  52   2          }while(val > 0);
  53   1         
  54   1          *p-- = '\0';         
  55   1          do{
C51 COMPILER V9.60.0.0   MAIN                                                              08/21/2020 23:26:35 PAGE 2   

  56   2              temp = *p;
  57   2              *p = *firstdig;
  58   2              *firstdig = temp;
  59   2              --p;
  60   2              ++firstdig;        
  61   2          }while(firstdig < p);  
  62   1          return buf;
  63   1      }
  64          
  65          void Time0_Int() interrupt 1
  66          {
  67   1         TH0 = 0xDC;
  68   1         TL0 = 0x00;
  69   1         Count++;   
  70   1      }
  71          
  72          void Playnote(uchar flag, int i){
  73   1        char str[2] = "7";
  74   1        OPT_CHECK = 0xFF;
  75   1        if (i%7!=0) itoa(i%7,str,10);
  76   1        Disp(3,4,1,str);
  77   1        while (OPT_CHECK&flag){
  78   2          bee_Speak = ~bee_Speak;
  79   2          Delay_xMs(NOTE[i-1]);
  80   2          OPT_CHECK = 0xFF;
  81   2        }
  82   1        pitchFlag = 1;
  83   1      }
  84          
  85          void PlayMusic();
  86          void ManualPlay();
  87          void MenuDisplay(int);
  88          void Record();
  89          int Recordnote(uchar, int, int);
  90          void PlayRecord();
  91          void GetSheet(int);
  92          void TestMode();
  93          void showNote(uchar, int, int);
  94          
  95          void main()
  96          {
  97   1        P5M1=0x00;
  98   1        P5M0=0x30;
  99   1        
 100   1        P4M1=0xC0;
 101   1        P4M0=0x00;
 102   1        
 103   1        P3M1=0x00;
 104   1        P3M0=0x00;
 105   1        
 106   1        Ini_Lcd();//液晶初始化子程序
 107   1        Disp(1,0,16,"浙江大学光电学院");//显示数据到LCD12864子程序      
 108   1        Disp(2,1,12,"电子线路设计");//显示数据到LCD12864子程序
 109   1        Disp(3,2,8,"87951197");//显示数据到LCD12864子程序
 110   1        Disp(4,1,12,"液晶显示成功");//显示数据到LCD12864子程序*/
 111   1        while(1)
 112   1        {
 113   2          s1_s2_check();
 114   2          P4M1=0x00;
 115   2          P4M0=0x00;
 116   2          Ini_Lcd();//液晶初始化子程序
 117   2          MenuDisplay(currentPage);
C51 COMPILER V9.60.0.0   MAIN                                                              08/21/2020 23:26:35 PAGE 3   

 118   2          while(1){
 119   3            KeyIO = 0xF0;
 120   3            s1_s2_check();
 121   3            if ((P1&0xF0)!=0xF0){
 122   4              Delay_xMs(100);
 123   4              if((KeyIO&0xF0)!=0xF0){
 124   5                key = scankey();
 125   5                while((KeyIO&0xF0)!=0xF0) KeyIO = 0xF0;
 126   5                switch (key)
 127   5                {
 128   6                case 11:
 129   6                  PlayMusic(); //音乐播放
 130   6                  bee_Speak = 0;
 131   6                  MenuDisplay(currentPage);
 132   6                  break;
 133   6                case 12:
 134   6                  ManualPlay(); //演奏模式
 135   6                  MenuDisplay(currentPage);
 136   6                  break;
 137   6                case 13:
 138   6                  currentPage = 2; //1到2
 139   6                  MenuDisplay(currentPage);
 140   6                  break;
 141   6                case 14:
 142   6                  Record(); // 录音模式
 143   6                  MenuDisplay(currentPage);
 144   6                  break;
 145   6                case 21:
 146   6                  PlayRecord(); // 播放录音
 147   6                  MenuDisplay(currentPage);
 148   6                  break;
 149   6                case 22:
 150   6                  currentPage = 1; // 2到1
 151   6                  MenuDisplay(currentPage);
 152   6                  break;
 153   6                case 23:
 154   6                  currentPage = 3; // 2到3
 155   6                  MenuDisplay(currentPage);
 156   6                  break;
 157   6                case 24:
 158   6                  TestMode();
 159   6                  MenuDisplay(currentPage);
 160   6                  break;
 161   6                case 31:
 162   6                  currentPage = 2; // 3到2
 163   6                  MenuDisplay(currentPage);
 164   6                  break;
 165   6                default:
 166   6                  break;
 167   6                }
 168   5              }
 169   4              Delay_xMs(2500);
 170   4            }
 171   3          }
 172   2          Delay_xMs(2500);    
 173   2        }
 174   1      }
 175          
 176          /*******************定时器初始化********************/
 177          void Time0_Init()
 178          {
 179   1       TMOD = 0x01;
C51 COMPILER V9.60.0.0   MAIN                                                              08/21/2020 23:26:35 PAGE 4   

 180   1       IE   = 0x82;
 181   1       TH0  = 0xDC;
 182   1       TL0  = 0x00;  //11.0592MZ
 183   1      }
 184          /****************播放音乐*************************/
 185          void s1_s2_check(void)
 186          {
 187   1        if(P4&0x40) 
 188   1          DLED_1 =1;
 189   1        else  
 190   1          DLED_1 =0;
 191   1        if((P4&0x80)) 
 192   1          DLED_2 =1;
 193   1        else  
 194   1          DLED_2 =0;
 195   1      }
 196          
 197          /****************播放音乐*************************/
 198          void Play_Song(unsigned char i)
 199          {
 200   1        unsigned char Temp1,Temp2;
 201   1        unsigned int Addr,start;
 202   1        unsigned int lineCount, loc;
 203   1        unsigned char lrc[20];
 204   1      
 205   1        lineCount = 1;
 206   1        loc = 0;
 207   1        start = INDEX[i];
 208   1        Addr = start;  
 209   1        GetSheet(Addr);
 210   1        
 211   1        strncpy(lrc,  SheetUp, 16);
 212   1        Disp(2,0,16,lrc);
 213   1        strncpy(lrc, SheetMid, 16);
 214   1        Disp(3,0,16,lrc);
 215   1        strncpy(lrc, SheetDown, 16);
 216   1        Disp(4,0,16,lrc);
 217   1        Count = 0;    
 218   1      
 219   1        while(1)
 220   1        {
 221   2          
 222   2          Temp1 = SONG[Addr++];
 223   2            if ( Temp1 == 0xFF )
 224   2            {
 225   3              TR0 = 0;                 
 226   3              Delay_xMs(100);
 227   3            }
 228   2            else if ( Temp1 == 0x00 )   
 229   2            {
 230   3              return;
 231   3            }
 232   2            else
 233   2            {
 234   3              Temp2 = SONG[Addr++];
 235   3              TR0 = 1;
 236   3            while(1)
 237   3            {
 238   4                bee_Speak = ~bee_Speak;
 239   4                Delay_xMs(Temp1);
 240   4                if ( Temp2 == Count )
 241   4                {
C51 COMPILER V9.60.0.0   MAIN                                                              08/21/2020 23:26:35 PAGE 5   

 242   5                if (Sheet2Note[Addr - start] > lineCount*16){
 243   6                  loc = loc + 16;
 244   6                  lineCount++;
 245   6                  strncpy(lrc, SheetUp+loc, 16);
 246   6                  Disp(2,0,16,lrc);
 247   6                  strncpy(lrc, SheetMid+loc, 16);
 248   6                  Disp(3,0,16,lrc);
 249   6                  strncpy(lrc, SheetDown+loc, 16);
 250   6                  Disp(4,0,16,lrc);
 251   6                }
 252   5                    Count = 0;
 253   5                    break;
 254   5                }
 255   4              KeyIO=0xF0;
 256   4              if ((P1&0xf0)!=0xf0) return;
 257   4            }
 258   3            }
 259   2        }
 260   1        bee_Speak = 0;  //关闭蜂鸣器
 261   1      }
 262          
 263          
 264          /*****************检测控制端口的状态*****************/
 265          uchar ctrl_port_check(void)
 266          {
 267   1          SW_CTRL = 0xFF;
 268   1          return  SW_CTRL&0xF0;
 269   1      }
 270          
 271          uchar scankey(void)//矩阵键盘翻转扫描
 272          {
 273   1        uint keyvalue=0;
 274   1        uchar temp1,temp2,keycode;
 275   1      
 276   1        KeyIO=0xf0;   //行置0列置1
 277   1        temp1=KeyIO&0xf0;
 278   1        if((temp1&0xf0)==0xf0) return(0);  //若无键按下返回0
 279   1        KeyIO=0x0f;
 280   1        temp2=KeyIO&0x0f;            //若有键按下，行置1列置0
 281   1        keycode=~(temp1|temp2);        //获得键盘码
 282   1        switch(keycode)            //根据键盘码返回键值
 283   1        {
 284   2          case 0x11:return(11);break;
 285   2          case 0x21:return(12);break;
 286   2          case 0x41:return(13);break;
 287   2          case 0x81:return(14);break;
 288   2          case 0x12:return(21);break;
 289   2          case 0x22:return(22);break;
 290   2          case 0x42:return(23);break;
 291   2          case 0x82:return(24);break;
 292   2          case 0x14:return(31);break;
 293   2          case 0x24:return(32);break;
 294   2          case 0x44:return(33);break;
 295   2          case 0x84:return(34);break;
 296   2          case 0x18:return(41);break;
 297   2          case 0x28:return(42);break;
 298   2          case 0x48:return(43);break;
 299   2          case 0x88:return(44);break;
 300   2          default:  return(0);break;
 301   2        }
 302   1        return(0);
 303   1      }
C51 COMPILER V9.60.0.0   MAIN                                                              08/21/2020 23:26:35 PAGE 6   

 304             
 305          /****************延迟毫秒数************************/
 306          void Delay_xMs(unsigned int x)
 307          {
 308   1          unsigned int i,j;
 309   1          for( i = 0;i < x;i++ )
 310   1          {
 311   2              for( j = 0;j<2;j++ );
 312   2          }
 313   1      }
 314          
 315          // 菜单功能函数
 316          
 317          void MenuDisplay(int page){
 318   1        Ini_Lcd();
 319   1        switch (page)
 320   1        {
 321   2        case 1:
 322   2          Disp(1,3,4,"菜单");
 323   2          Disp(2,0,10,"1.播放音乐");
 324   2          Disp(3,0,10,"2.弹奏模式");
 325   2          Disp(4,0,8,"3.下一页");
 326   2          break;
 327   2        case 2:
 328   2          Disp(1,0,10,"4.录音模式");
 329   2          Disp(2,0,10,"5.播放录音");
 330   2          Disp(3,0,8,"6.上一页");
 331   2          Disp(4,0,8,"7.下一页");
 332   2          break;
 333   2        case 3:
 334   2          Disp(1,0,10,"8.练习模式");
 335   2          Disp(2,0,8,"9.上一页");
 336   2          break;
 337   2        default:
 338   2          break;
 339   2        }
 340   1      
 341   1      }
 342          
 343          void PlayMusic(){
 344   1        Ini_Lcd();
 345   1        Disp(1,0,8,"1.新宝岛");
 346   1        Disp(2,0,6,"2.爱河");
 347   1        Disp(3,0,10,"3.祝你平安");
 348   1        Disp(4,0,10,"4.天空之城");
 349   1      
 350   1        Time0_Init();
 351   1        KeyIO = 0xF0;
 352   1        while(1){
 353   2          s1_s2_check();
 354   2          if ((P1&0xF0)!=0xF0){
 355   3            Delay_xMs(100);
 356   3            if((KeyIO&0xF0)!=0xF0){
 357   4              key = scankey();
 358   4              switch (key)
 359   4              {
 360   5              case 11:
 361   5                Ini_Lcd();
 362   5                Disp(1,0,8,"1.新宝岛");
 363   5                Play_Song(0);
 364   5                return;
 365   5                break;
C51 COMPILER V9.60.0.0   MAIN                                                              08/21/2020 23:26:35 PAGE 7   

 366   5              case 12:
 367   5                Ini_Lcd();
 368   5                Disp(1,0,6,"2.爱河");
 369   5                Play_Song(1);
 370   5                return;
 371   5                break;
 372   5              case 13:
 373   5                Ini_Lcd();
 374   5                Disp(1,0,10,"3.祝你平安");
 375   5                Play_Song(2);
 376   5                return;
 377   5                break;
 378   5              case 14:
 379   5                Ini_Lcd();
 380   5                Disp(1,0,10,"4.天空之城");
 381   5                Play_Song(3);
 382   5                return;
 383   5                break;
 384   5              default:
 385   5                return;
 386   5                break;
 387   5              }
 388   4            }
 389   3            Delay_xMs(2500);
 390   3          }
 391   2        }
 392   1      }
 393          
 394          void ManualPlay(){
 395   1        s1_s2_check();
 396   1        Ini_Lcd();
 397   1        Disp(1,2,8,"演奏模式");
 398   1        Disp(4,1,12,"按任意键返回");
 399   1        while(1) {
 400   2          KeyIO=0xF0;
 401   2          if ((P1&0xf0)!=0xf0) {
 402   3            Delay_xMs(100);
 403   3            if((KeyIO&0xF0)!=0xF0){
 404   4              key = scankey();
 405   4              return;
 406   4              break;
 407   4            }
 408   3            Delay_xMs(100);
 409   3          }
 410   2          OPT_CHECK = 0xFF;
 411   2          s1_s2_check();
 412   2          pitch = 7 + DLED_2*7 - DLED_1*7;
 413   2          if (pitch == 14){
 414   3            Disp(2,3,4,"高音");
 415   3          } else if (pitch == 7){
 416   3            Disp(2,3,4,"中音");
 417   3          } else if (pitch == 0){
 418   3            Disp(2,3,4,"低音");
 419   3          }
 420   2          if (OPT_CHECK&0x01) Playnote(0x01, 7+pitch);
 421   2           else if (OPT_CHECK&0x02) Playnote(0x02, 6+pitch);
 422   2           else if (OPT_CHECK&0x04) Playnote(0x04, 5+pitch);
 423   2           else if (OPT_CHECK&0x08) Playnote(0x08, 4+pitch);
 424   2           else if (OPT_CHECK&0x10) Playnote(0x10, 3+pitch);
 425   2           else if (OPT_CHECK&0x20) Playnote(0x20, 2+pitch);
 426   2           else if (OPT_CHECK&0x40) Playnote(0x40, 1+pitch);  
 427   2        }
C51 COMPILER V9.60.0.0   MAIN                                                              08/21/2020 23:26:35 PAGE 8   

 428   1      }
 429          
 430          // 录制
 431          
 432          void Record(){
 433   1        char continueFlag = 0;
 434   1        int currentIndex = 0;
 435   1        lastEndCount = 0;
 436   1        lastStartCount = -1;
 437   1        lastNote = 0x00;
 438   1      
 439   1        s1_s2_check();
 440   1        Ini_Lcd();
 441   1        Disp(1,2,8,"录音模式");
 442   1        Disp(2,0,10,"1.开始录音");
 443   1        
 444   1        Disp(4,1,12,"按其他键返回");
 445   1        
 446   1        while(!continueFlag) {
 447   2          KeyIO=0xF0;
 448   2          if ((P1&0xf0)!=0xf0) {
 449   3            Delay_xMs(100);
 450   3            if((KeyIO&0xF0)!=0xF0){
 451   4              key = scankey();
 452   4              switch (key){
 453   5                case 11: continueFlag = 1;break;
 454   5                default: return;
 455   5              }
 456   4            }
 457   3            Delay_xMs(100);
 458   3          }
 459   2        }
 460   1        memset(RECORDED,0x00,sizeof(RECORDED));
 461   1        Ini_Lcd();
 462   1        Disp(4,0,16,"按任意键结束录音");
 463   1        Count = 0;
 464   1        Time0_Init();
 465   1        while(1){
 466   2          KeyIO=0xF0;
 467   2          if ((P1&0xf0)!=0xf0) {
 468   3            Delay_xMs(100);
 469   3            if((KeyIO&0xF0)!=0xF0){
 470   4              key = scankey();
 471   4              Disp(3,0,8,"录音完成");
 472   4              RECORDED[currentIndex] = lastNote;
 473   4              RECORDED[currentIndex+1] = lastEndCount - lastStartCount; 
 474   4              return;
 475   4            }
 476   3            Delay_xMs(100);
 477   3          }
 478   2          OPT_CHECK = 0xFF;
 479   2          s1_s2_check();
 480   2          pitch = 7 + DLED_2*7 - DLED_1*7;
 481   2          if (pitch == 14){
 482   3            Disp(2,3,4,"高音");
 483   3          } else if (pitch == 7){
 484   3            Disp(2,3,4,"中音");
 485   3          } else if (pitch == 0){
 486   3            Disp(2,3,4,"低音");
 487   3          }
 488   2          if (OPT_CHECK&0x01) currentIndex = Recordnote(0x01, 7+pitch, currentIndex);
 489   2          else if (OPT_CHECK&0x02) currentIndex  = Recordnote(0x02, 6+pitch, currentIndex);
C51 COMPILER V9.60.0.0   MAIN                                                              08/21/2020 23:26:35 PAGE 9   

 490   2          else if (OPT_CHECK&0x04) currentIndex  = Recordnote(0x04, 5+pitch, currentIndex);
 491   2          else if (OPT_CHECK&0x08) currentIndex  = Recordnote(0x08, 4+pitch, currentIndex);
 492   2          else if (OPT_CHECK&0x10) currentIndex  = Recordnote(0x10, 3+pitch, currentIndex);
 493   2          else if (OPT_CHECK&0x20) currentIndex  = Recordnote(0x20, 2+pitch, currentIndex);
 494   2          else if (OPT_CHECK&0x40) currentIndex  = Recordnote(0x40, 1+pitch, currentIndex); 
 495   2        }
 496   1        
 497   1      }
 498          
 499          //音符录制
 500          
 501          int Recordnote(uchar flag, int i, int index){
 502   1        char str[2] = "7";
 503   1      
 504   1        if (lastStartCount != -1){
 505   2          RECORDED[index] = lastNote;
 506   2          RECORDED[index+1] = Count - lastStartCount;
 507   2        }
 508   1      
 509   1        if (i%7!=0) itoa(i%7,str,10);
 510   1        Disp(3,4,1,str);
 511   1        
 512   1        
 513   1        OPT_CHECK = 0xFF; 
 514   1        lastStartCount = Count;
 515   1        while (OPT_CHECK&flag){
 516   2          bee_Speak = ~bee_Speak;
 517   2          Delay_xMs(NOTE[i-1]);
 518   2          OPT_CHECK = 0xFF;
 519   2        }
 520   1        lastEndCount = Count;
 521   1        lastNote = NOTE[i-1];
 522   1        return index+2;
 523   1      }
 524          
 525          // 录音播放
 526          
 527          void PlayRecord()
 528          {
 529   1        unsigned char Temp1,Temp2;
 530   1        unsigned int Addr;
 531   1        char str[10];
 532   1      
 533   1        s1_s2_check();
 534   1        Ini_Lcd();
 535   1        Disp(1,2,8,"播放录音");
 536   1        Disp(4,1,12,"按任意键返回");
 537   1      
 538   1             
 539   1        Time0_Init();
 540   1        Addr = 2;  
 541   1        Count = 0; 
 542   1        
 543   1        while(1)
 544   1        {
 545   2          Temp1 = RECORDED[Addr++];
 546   2            if ( Temp1 == 0xFF )  
 547   2            {
 548   3              TR0 = 0;                 
 549   3              Delay_xMs(100);
 550   3            }
 551   2            else if ( Temp1 == 0x00 )   
C51 COMPILER V9.60.0.0   MAIN                                                              08/21/2020 23:26:35 PAGE 10  

 552   2            {
 553   3              return;
 554   3            }
 555   2            else
 556   2            {
 557   3            showNote(Temp1,2,3);
 558   3            Temp2 = SONG[Addr++];
 559   3              TR0 = 1;
 560   3            while(1)
 561   3            {
 562   4                bee_Speak = ~bee_Speak;
 563   4                Delay_xMs(Temp1);
 564   4                if ( Temp2 == Count )
 565   4                {
 566   5                   Count = 0;
 567   5                   break;
 568   5                }
 569   4              KeyIO=0xF0;
 570   4              if ((P1&0xf0)!=0xf0) return;
 571   4            }
 572   3            }
 573   2        }
 574   1        bee_Speak = 0;  //关闭蜂鸣器
 575   1      }
*** WARNING C280 IN LINE 531 OF main.c: 'str': unreferenced local variable
 576          
 577          // 简谱生成
 578          
 579          void GetSheet(int start){
 580   1        unsigned char Temp1,Temp2;
 581   1        unsigned int Addr, Index;
 582   1      
 583   1        Addr = start; Index = 0;
 584   1        Temp1 = SONG[Addr];
 585   1        while (Temp1 != 0x00){
 586   2          Sheet2Note[Addr - start] = Index;
 587   2          switch (Temp1){
 588   3            case 0x60:
 589   3            case 0x30:
 590   3            case 0x18:
 591   3              SheetMid[Index] = '1';
 592   3              break;
 593   3            case 0x56:
 594   3            case 0x2b:
 595   3            case 0x15:
 596   3              SheetMid[Index] = '2';
 597   3              break;
 598   3            case 0x4C:
 599   3            case 0x26:
 600   3            case 0x13:
 601   3              SheetMid[Index] = '3';
 602   3              break;
 603   3            case 0x48:
 604   3            case 0x24:
 605   3            case 0x12:
 606   3              SheetMid[Index] = '4';
 607   3              break;
 608   3            case 0x40:
 609   3            case 0x20:
 610   3            case 0x10:
 611   3              SheetMid[Index] = '5';
 612   3              break;
C51 COMPILER V9.60.0.0   MAIN                                                              08/21/2020 23:26:35 PAGE 11  

 613   3            case 0x39:
 614   3            case 0x1C:
 615   3            case 0x0E:
 616   3              SheetMid[Index] = '6';
 617   3              break;
 618   3            case 0x32:
 619   3            case 0x19:
 620   3            case 0x0D:
 621   3              SheetMid[Index] = '7';
 622   3              break;
 623   3            default:
 624   3              Addr++;
 625   3              Temp1 = SONG[Addr];
 626   3              continue;
 627   3              break;
 628   3          }
 629   2          if (Temp1 == 0xFF) continue;
 630   2          if (Temp1 >= 0x32){
 631   3            SheetDown[Index] = '.';
 632   3            SheetUp[Index] = ' ';
 633   3          } else if (Temp1 <= 0x18){
 634   3            SheetUp[Index] = '.';
 635   3            SheetDown[Index] = ' ';
 636   3          } else {
 637   3            SheetUp[Index] = ' ';
 638   3            SheetDown[Index] = ' ';
 639   3          }
 640   2          Addr++;
 641   2          Temp2 = SONG[Addr];
 642   2          if (Temp2 == 0x20) {
 643   3            Addr++;
 644   3            Index++;
 645   3            Temp1 = SONG[Addr];
 646   3            continue;
 647   3          }
 648   2          else if (Temp2 == 0x10)
 649   2            SheetDown[Index] = '-';
 650   2          else if (Temp2 == 0x08)
 651   2            SheetDown[Index] = '=';
 652   2          else if (Temp2 == 0x30){
 653   3            Index++;
 654   3            SheetMid[Index] = '.';
 655   3            SheetDown[Index] = ' ';
 656   3            SheetUp[Index] = ' ';
 657   3          } else if (Temp2 >= 0x40){
 658   3            Temp2 = Temp2 - 0x20;
 659   3            while (Temp2 >= 0x20){
 660   4              Index++;
 661   4              SheetMid[Index] = '-';
 662   4              SheetDown[Index] = ' ';
 663   4              SheetUp[Index] = ' ';
 664   4              Temp2 = Temp2 - 0x20;
 665   4            }
 666   3          }
 667   2          Addr++;
 668   2          Index++;
 669   2          Temp1 = SONG[Addr];
 670   2        }
 671   1        return;
 672   1      }
 673          
 674          char Testnote(uchar flag, int i, int answer){
C51 COMPILER V9.60.0.0   MAIN                                                              08/21/2020 23:26:35 PAGE 12  

 675   1        
 676   1        OPT_CHECK = 0xFF;
 677   1        while (OPT_CHECK&flag){
 678   2          bee_Speak = ~bee_Speak;
 679   2          Delay_xMs(NOTE[i-1]);
 680   2          OPT_CHECK = 0xFF;
 681   2        }
 682   1        if (NOTE[i-1] == answer) return 0;
 683   1        return 1;
 684   1      }
 685          
 686          void TestSong(unsigned int i){
 687   1        unsigned char Temp1;
 688   1        unsigned int Addr,start;
 689   1        unsigned int lineCount, loc;
 690   1        unsigned char lrc[20];
 691   1        unsigned int errorCount = 0;
 692   1        char errorCountStr[10];
 693   1        char errorFlag = 0;
 694   1      
 695   1        lineCount = 1;
 696   1        loc = 0;
 697   1        start = INDEX[i];
 698   1        Addr = start;  
 699   1        GetSheet(Addr);
 700   1        
 701   1        strncpy(lrc,  SheetUp, 16);
 702   1        Disp(2,0,16,lrc);
 703   1        strncpy(lrc, SheetMid, 16);
 704   1        Disp(3,0,16,lrc);
 705   1        strncpy(lrc, SheetDown, 16);
 706   1        Disp(4,0,16,lrc); 
 707   1      
 708   1        Temp1 = SONG[Addr];
 709   1        while(Temp1!=0x00){
 710   2          if (Temp1 == 0xFF){
 711   3            Addr++;
 712   3            Temp1 = SONG[Addr];
 713   3          }
 714   2          while (1){
 715   3            s1_s2_check();
 716   3            pitch = DLED_1*7-DLED_2*7;
 717   3            OPT_CHECK = 0xFF;
 718   3            if (OPT_CHECK&0x01) {
 719   4              errorFlag = Testnote(0x01, 7+pitch, Temp1);
 720   4              break;
 721   4            }
 722   3            else if (OPT_CHECK&0x02) {
 723   4              errorFlag = Testnote(0x02, 6+pitch, Temp1);
 724   4              break;
 725   4            }
 726   3            else if (OPT_CHECK&0x04) {
 727   4              errorFlag = Testnote(0x04, 5+pitch, Temp1);
 728   4              break;
 729   4            }
 730   3            else if (OPT_CHECK&0x08) {
 731   4              errorFlag = Testnote(0x08, 4+pitch, Temp1);
 732   4              break;
 733   4            }
 734   3            else if (OPT_CHECK&0x10) {
 735   4              errorFlag = Testnote(0x10, 3+pitch, Temp1);
 736   4              break;
C51 COMPILER V9.60.0.0   MAIN                                                              08/21/2020 23:26:35 PAGE 13  

 737   4            }
 738   3            else if (OPT_CHECK&0x20) {
 739   4              errorFlag = Testnote(0x20, 2+pitch, Temp1);
 740   4              break;
 741   4            }
 742   3            else if (OPT_CHECK&0x40) {
 743   4              errorFlag = Testnote(0x40, 1+pitch, Temp1);
 744   4              break;
 745   4            }
 746   3          }
 747   2          if (errorFlag){
 748   3            errorCount++;
 749   3            Disp(1,0,6,"Error!");
 750   3          } else {
 751   3            Disp(1,0,6,"Right!");
 752   3          }
 753   2          Addr += 2;
 754   2          Temp1 = SONG[Addr];
 755   2          if (Sheet2Note[Addr - start] > lineCount*16){
 756   3            loc = loc + 16;
 757   3            lineCount++;
 758   3            strncpy(lrc, SheetUp+loc, 16);
 759   3            Disp(2,0,16,lrc);
 760   3            strncpy(lrc, SheetMid+loc, 16);
 761   3            Disp(3,0,16,lrc);
 762   3            strncpy(lrc, SheetDown+loc, 16);
 763   3            Disp(4,0,16,lrc);
 764   3          }
 765   2        }
 766   1        Ini_Lcd();
 767   1        Disp(1,0,16,"Error Number is");
 768   1        itoa(errorCount, errorCountStr, 10);
 769   1        Disp(2,0,strlen(errorCountStr), errorCountStr); 
 770   1        while(1){
 771   2          KeyIO=0xF0;
 772   2          if ((P1&0xf0)!=0xf0) {
 773   3            Delay_xMs(100);
 774   3            if((KeyIO&0xF0)!=0xF0){
 775   4              return;
 776   4            }
 777   3            Delay_xMs(100);
 778   3          } 
 779   2        }
 780   1        
 781   1      }
 782          
 783          // 练习模式
 784          void TestMode(){
 785   1        Ini_Lcd();
 786   1        Disp(1,0,8,"1.新宝岛");
 787   1        Disp(2,0,6,"2.爱河");
 788   1        Disp(3,0,10,"3.祝你平安");
 789   1        Disp(4,0,10,"4.天空之城");
 790   1      
 791   1        KeyIO = 0xF0;
 792   1        while(1){
 793   2          s1_s2_check();
 794   2          if ((P1&0xF0)!=0xF0){
 795   3            Delay_xMs(100);
 796   3            if((KeyIO&0xF0)!=0xF0){
 797   4              key = scankey();
 798   4              switch (key)
C51 COMPILER V9.60.0.0   MAIN                                                              08/21/2020 23:26:35 PAGE 14  

 799   4              {
 800   5              case 11:
 801   5                Ini_Lcd();
 802   5                TestSong(0);
 803   5                return;
 804   5                break;
 805   5              case 12:
 806   5                Ini_Lcd();
 807   5                TestSong(1);
 808   5                return;
 809   5                break;
 810   5              case 13:
 811   5                Ini_Lcd();
 812   5                TestSong(2);
 813   5                return;
 814   5                break;
 815   5              case 14:
 816   5                Ini_Lcd();
 817   5                TestSong(3);
 818   5                return;
 819   5                break;
 820   5              default:
 821   5                return;
 822   5                break;
 823   5              }
 824   4            }
 825   3            Delay_xMs(2500);
 826   3          }
 827   2        }
 828   1      }
 829          
 830          void showNote(uchar note, int line1, int line2){
 831   1        if (note >= 0x32){
 832   2          Disp(line1,3,4,"高音");
 833   2        } else if (note <= 0x18){
 834   2          Disp(line1,3,4,"低音");
 835   2        } else {
 836   2          Disp(line1,3,4,"中音");
 837   2        }
 838   1        switch (note){
 839   2          case 0x60:
 840   2          case 0x30:
 841   2          case 0x18:
 842   2            Disp(line2,4,1,"1");
 843   2            break;
 844   2          case 0x56:
 845   2          case 0x2b:
 846   2          case 0x15:
 847   2            Disp(line2,4,1,"2");
 848   2            break;
 849   2          case 0x4C:
 850   2          case 0x26:
 851   2          case 0x13:
 852   2            Disp(line2,4,1,"3");
 853   2            break;
 854   2          case 0x48:
 855   2          case 0x24:
 856   2          case 0x12:
 857   2            Disp(line2,4,1,"4");
 858   2            break;
 859   2          case 0x40:
 860   2          case 0x20:
C51 COMPILER V9.60.0.0   MAIN                                                              08/21/2020 23:26:35 PAGE 15  

 861   2          case 0x10:
 862   2            Disp(line2,4,1,"5");
 863   2            break;
 864   2          case 0x39:
 865   2          case 0x1C:
 866   2          case 0x0E:
 867   2            Disp(line2,4,1,"6");
 868   2            break;
 869   2          case 0x32:
 870   2          case 0x19:
 871   2          case 0x0D:
 872   2            Disp(line2,4,1,"7");
 873   2            break;
 874   2          default:
 875   2            break;
 876   2        }
 877   1      }
*** WARNING C294 IN LINE 172 OF main.c: unreachable code
*** WARNING C294 IN LINE 260 OF main.c: unreachable code
*** WARNING C294 IN LINE 302 OF main.c: unreachable code
*** WARNING C294 IN LINE 574 OF main.c: unreachable code


MODULE INFORMATION:   STATIC OVERLAYABLE
   CODE SIZE        =   6634    ----
   CONSTANT SIZE    =   1032    ----
   XDATA SIZE       =   1543     136
   PDATA SIZE       =   ----    ----
   DATA SIZE        =   ----    ----
   IDATA SIZE       =   ----    ----
   BIT SIZE         =   ----    ----
END OF MODULE INFORMATION.


C51 COMPILATION COMPLETE.  5 WARNING(S),  0 ERROR(S)
